-------------------------------------------------------------------------------
Test set: com.tdd.spring.TestMyService
-------------------------------------------------------------------------------
Tests run: 4, Failures: 0, Errors: 4, Skipped: 0, Time elapsed: 3.401 s <<< FAILURE! - in com.tdd.spring.TestMyService
whenNewMetro__thenVerifyMetrowithStatusProposed  Time elapsed: 0.002 s  <<< ERROR!
java.lang.IllegalStateException: Failed to load ApplicationContext
Caused by: org.springframework.beans.factory.UnsatisfiedDependencyException: Error creating bean with name 'metroController' defined in file [/home/sridhar/eclipse-workspace/tdd-learning-spring-0/target/classes/com/tdd/spring/MetroController.class]: Unsatisfied dependency expressed through constructor parameter 0; nested exception is org.springframework.beans.factory.UnsatisfiedDependencyException: Error creating bean with name 'metroService' defined in file [/home/sridhar/eclipse-workspace/tdd-learning-spring-0/target/classes/com/tdd/spring/MetroService.class]: Unsatisfied dependency expressed through constructor parameter 0; nested exception is org.springframework.beans.factory.BeanCreationException: Error creating bean with name 'metroRepository': Invocation of init method failed; nested exception is java.lang.IllegalArgumentException: Not a managed type: class com.tdd.spring.Metro
Caused by: org.springframework.beans.factory.UnsatisfiedDependencyException: Error creating bean with name 'metroService' defined in file [/home/sridhar/eclipse-workspace/tdd-learning-spring-0/target/classes/com/tdd/spring/MetroService.class]: Unsatisfied dependency expressed through constructor parameter 0; nested exception is org.springframework.beans.factory.BeanCreationException: Error creating bean with name 'metroRepository': Invocation of init method failed; nested exception is java.lang.IllegalArgumentException: Not a managed type: class com.tdd.spring.Metro
Caused by: org.springframework.beans.factory.BeanCreationException: Error creating bean with name 'metroRepository': Invocation of init method failed; nested exception is java.lang.IllegalArgumentException: Not a managed type: class com.tdd.spring.Metro
Caused by: java.lang.IllegalArgumentException: Not a managed type: class com.tdd.spring.Metro

veifyInitialMapSizeGreaterThanZero  Time elapsed: 0.01 s  <<< ERROR!
java.lang.IllegalStateException: Failed to load ApplicationContext
Caused by: org.springframework.beans.factory.UnsatisfiedDependencyException: Error creating bean with name 'metroController' defined in file [/home/sridhar/eclipse-workspace/tdd-learning-spring-0/target/classes/com/tdd/spring/MetroController.class]: Unsatisfied dependency expressed through constructor parameter 0; nested exception is org.springframework.beans.factory.UnsatisfiedDependencyException: Error creating bean with name 'metroService' defined in file [/home/sridhar/eclipse-workspace/tdd-learning-spring-0/target/classes/com/tdd/spring/MetroService.class]: Unsatisfied dependency expressed through constructor parameter 0; nested exception is org.springframework.beans.factory.BeanCreationException: Error creating bean with name 'metroRepository': Invocation of init method failed; nested exception is java.lang.IllegalArgumentException: Not a managed type: class com.tdd.spring.Metro
Caused by: org.springframework.beans.factory.UnsatisfiedDependencyException: Error creating bean with name 'metroService' defined in file [/home/sridhar/eclipse-workspace/tdd-learning-spring-0/target/classes/com/tdd/spring/MetroService.class]: Unsatisfied dependency expressed through constructor parameter 0; nested exception is org.springframework.beans.factory.BeanCreationException: Error creating bean with name 'metroRepository': Invocation of init method failed; nested exception is java.lang.IllegalArgumentException: Not a managed type: class com.tdd.spring.Metro
Caused by: org.springframework.beans.factory.BeanCreationException: Error creating bean with name 'metroRepository': Invocation of init method failed; nested exception is java.lang.IllegalArgumentException: Not a managed type: class com.tdd.spring.Metro
Caused by: java.lang.IllegalArgumentException: Not a managed type: class com.tdd.spring.Metro

whenDuplicateMetro__thenDuplicateKeyException  Time elapsed: 0 s  <<< ERROR!
java.lang.IllegalStateException: Failed to load ApplicationContext
Caused by: org.springframework.beans.factory.UnsatisfiedDependencyException: Error creating bean with name 'metroController' defined in file [/home/sridhar/eclipse-workspace/tdd-learning-spring-0/target/classes/com/tdd/spring/MetroController.class]: Unsatisfied dependency expressed through constructor parameter 0; nested exception is org.springframework.beans.factory.UnsatisfiedDependencyException: Error creating bean with name 'metroService' defined in file [/home/sridhar/eclipse-workspace/tdd-learning-spring-0/target/classes/com/tdd/spring/MetroService.class]: Unsatisfied dependency expressed through constructor parameter 0; nested exception is org.springframework.beans.factory.BeanCreationException: Error creating bean with name 'metroRepository': Invocation of init method failed; nested exception is java.lang.IllegalArgumentException: Not a managed type: class com.tdd.spring.Metro
Caused by: org.springframework.beans.factory.UnsatisfiedDependencyException: Error creating bean with name 'metroService' defined in file [/home/sridhar/eclipse-workspace/tdd-learning-spring-0/target/classes/com/tdd/spring/MetroService.class]: Unsatisfied dependency expressed through constructor parameter 0; nested exception is org.springframework.beans.factory.BeanCreationException: Error creating bean with name 'metroRepository': Invocation of init method failed; nested exception is java.lang.IllegalArgumentException: Not a managed type: class com.tdd.spring.Metro
Caused by: org.springframework.beans.factory.BeanCreationException: Error creating bean with name 'metroRepository': Invocation of init method failed; nested exception is java.lang.IllegalArgumentException: Not a managed type: class com.tdd.spring.Metro
Caused by: java.lang.IllegalArgumentException: Not a managed type: class com.tdd.spring.Metro

verifyMapHasNoNullStatus  Time elapsed: 0 s  <<< ERROR!
java.lang.IllegalStateException: Failed to load ApplicationContext
Caused by: org.springframework.beans.factory.UnsatisfiedDependencyException: Error creating bean with name 'metroController' defined in file [/home/sridhar/eclipse-workspace/tdd-learning-spring-0/target/classes/com/tdd/spring/MetroController.class]: Unsatisfied dependency expressed through constructor parameter 0; nested exception is org.springframework.beans.factory.UnsatisfiedDependencyException: Error creating bean with name 'metroService' defined in file [/home/sridhar/eclipse-workspace/tdd-learning-spring-0/target/classes/com/tdd/spring/MetroService.class]: Unsatisfied dependency expressed through constructor parameter 0; nested exception is org.springframework.beans.factory.BeanCreationException: Error creating bean with name 'metroRepository': Invocation of init method failed; nested exception is java.lang.IllegalArgumentException: Not a managed type: class com.tdd.spring.Metro
Caused by: org.springframework.beans.factory.UnsatisfiedDependencyException: Error creating bean with name 'metroService' defined in file [/home/sridhar/eclipse-workspace/tdd-learning-spring-0/target/classes/com/tdd/spring/MetroService.class]: Unsatisfied dependency expressed through constructor parameter 0; nested exception is org.springframework.beans.factory.BeanCreationException: Error creating bean with name 'metroRepository': Invocation of init method failed; nested exception is java.lang.IllegalArgumentException: Not a managed type: class com.tdd.spring.Metro
Caused by: org.springframework.beans.factory.BeanCreationException: Error creating bean with name 'metroRepository': Invocation of init method failed; nested exception is java.lang.IllegalArgumentException: Not a managed type: class com.tdd.spring.Metro
Caused by: java.lang.IllegalArgumentException: Not a managed type: class com.tdd.spring.Metro

