-------------------------------------------------------------------------------
Test set: com.tdd.spring.TestMyController
-------------------------------------------------------------------------------
Tests run: 4, Failures: 0, Errors: 4, Skipped: 0, Time elapsed: 2.751 s <<< FAILURE! - in com.tdd.spring.TestMyController
whenMetros__thenDisplayMapContents  Time elapsed: 0.001 s  <<< ERROR!
java.lang.IllegalStateException: Failed to load ApplicationContext
Caused by: org.springframework.beans.factory.UnsatisfiedDependencyException: Error creating bean with name 'metroController' defined in file [/home/sridhar/eclipse-workspace/tdd-learning-spring-0/target/classes/com/tdd/spring/MetroController.class]: Unsatisfied dependency expressed through constructor parameter 0; nested exception is org.springframework.beans.factory.UnsatisfiedDependencyException: Error creating bean with name 'metroService' defined in file [/home/sridhar/eclipse-workspace/tdd-learning-spring-0/target/classes/com/tdd/spring/MetroService.class]: Unsatisfied dependency expressed through constructor parameter 0; nested exception is org.springframework.beans.factory.BeanCreationException: Error creating bean with name 'metroRepository': Invocation of init method failed; nested exception is java.lang.IllegalArgumentException: Not a managed type: class com.tdd.spring.Metro
Caused by: org.springframework.beans.factory.UnsatisfiedDependencyException: Error creating bean with name 'metroService' defined in file [/home/sridhar/eclipse-workspace/tdd-learning-spring-0/target/classes/com/tdd/spring/MetroService.class]: Unsatisfied dependency expressed through constructor parameter 0; nested exception is org.springframework.beans.factory.BeanCreationException: Error creating bean with name 'metroRepository': Invocation of init method failed; nested exception is java.lang.IllegalArgumentException: Not a managed type: class com.tdd.spring.Metro
Caused by: org.springframework.beans.factory.BeanCreationException: Error creating bean with name 'metroRepository': Invocation of init method failed; nested exception is java.lang.IllegalArgumentException: Not a managed type: class com.tdd.spring.Metro
Caused by: java.lang.IllegalArgumentException: Not a managed type: class com.tdd.spring.Metro

whenLogin__thenLoginView  Time elapsed: 0 s  <<< ERROR!
java.lang.IllegalStateException: Failed to load ApplicationContext
Caused by: org.springframework.beans.factory.UnsatisfiedDependencyException: Error creating bean with name 'metroController' defined in file [/home/sridhar/eclipse-workspace/tdd-learning-spring-0/target/classes/com/tdd/spring/MetroController.class]: Unsatisfied dependency expressed through constructor parameter 0; nested exception is org.springframework.beans.factory.UnsatisfiedDependencyException: Error creating bean with name 'metroService' defined in file [/home/sridhar/eclipse-workspace/tdd-learning-spring-0/target/classes/com/tdd/spring/MetroService.class]: Unsatisfied dependency expressed through constructor parameter 0; nested exception is org.springframework.beans.factory.BeanCreationException: Error creating bean with name 'metroRepository': Invocation of init method failed; nested exception is java.lang.IllegalArgumentException: Not a managed type: class com.tdd.spring.Metro
Caused by: org.springframework.beans.factory.UnsatisfiedDependencyException: Error creating bean with name 'metroService' defined in file [/home/sridhar/eclipse-workspace/tdd-learning-spring-0/target/classes/com/tdd/spring/MetroService.class]: Unsatisfied dependency expressed through constructor parameter 0; nested exception is org.springframework.beans.factory.BeanCreationException: Error creating bean with name 'metroRepository': Invocation of init method failed; nested exception is java.lang.IllegalArgumentException: Not a managed type: class com.tdd.spring.Metro
Caused by: org.springframework.beans.factory.BeanCreationException: Error creating bean with name 'metroRepository': Invocation of init method failed; nested exception is java.lang.IllegalArgumentException: Not a managed type: class com.tdd.spring.Metro
Caused by: java.lang.IllegalArgumentException: Not a managed type: class com.tdd.spring.Metro

whenHome__thenDefaultWelcomeMessage  Time elapsed: 0 s  <<< ERROR!
java.lang.IllegalStateException: Failed to load ApplicationContext
Caused by: org.springframework.beans.factory.UnsatisfiedDependencyException: Error creating bean with name 'metroController' defined in file [/home/sridhar/eclipse-workspace/tdd-learning-spring-0/target/classes/com/tdd/spring/MetroController.class]: Unsatisfied dependency expressed through constructor parameter 0; nested exception is org.springframework.beans.factory.UnsatisfiedDependencyException: Error creating bean with name 'metroService' defined in file [/home/sridhar/eclipse-workspace/tdd-learning-spring-0/target/classes/com/tdd/spring/MetroService.class]: Unsatisfied dependency expressed through constructor parameter 0; nested exception is org.springframework.beans.factory.BeanCreationException: Error creating bean with name 'metroRepository': Invocation of init method failed; nested exception is java.lang.IllegalArgumentException: Not a managed type: class com.tdd.spring.Metro
Caused by: org.springframework.beans.factory.UnsatisfiedDependencyException: Error creating bean with name 'metroService' defined in file [/home/sridhar/eclipse-workspace/tdd-learning-spring-0/target/classes/com/tdd/spring/MetroService.class]: Unsatisfied dependency expressed through constructor parameter 0; nested exception is org.springframework.beans.factory.BeanCreationException: Error creating bean with name 'metroRepository': Invocation of init method failed; nested exception is java.lang.IllegalArgumentException: Not a managed type: class com.tdd.spring.Metro
Caused by: org.springframework.beans.factory.BeanCreationException: Error creating bean with name 'metroRepository': Invocation of init method failed; nested exception is java.lang.IllegalArgumentException: Not a managed type: class com.tdd.spring.Metro
Caused by: java.lang.IllegalArgumentException: Not a managed type: class com.tdd.spring.Metro

assertApplicationContext  Time elapsed: 0.001 s  <<< ERROR!
java.lang.IllegalStateException: Failed to load ApplicationContext
Caused by: org.springframework.beans.factory.UnsatisfiedDependencyException: Error creating bean with name 'metroController' defined in file [/home/sridhar/eclipse-workspace/tdd-learning-spring-0/target/classes/com/tdd/spring/MetroController.class]: Unsatisfied dependency expressed through constructor parameter 0; nested exception is org.springframework.beans.factory.UnsatisfiedDependencyException: Error creating bean with name 'metroService' defined in file [/home/sridhar/eclipse-workspace/tdd-learning-spring-0/target/classes/com/tdd/spring/MetroService.class]: Unsatisfied dependency expressed through constructor parameter 0; nested exception is org.springframework.beans.factory.BeanCreationException: Error creating bean with name 'metroRepository': Invocation of init method failed; nested exception is java.lang.IllegalArgumentException: Not a managed type: class com.tdd.spring.Metro
Caused by: org.springframework.beans.factory.UnsatisfiedDependencyException: Error creating bean with name 'metroService' defined in file [/home/sridhar/eclipse-workspace/tdd-learning-spring-0/target/classes/com/tdd/spring/MetroService.class]: Unsatisfied dependency expressed through constructor parameter 0; nested exception is org.springframework.beans.factory.BeanCreationException: Error creating bean with name 'metroRepository': Invocation of init method failed; nested exception is java.lang.IllegalArgumentException: Not a managed type: class com.tdd.spring.Metro
Caused by: org.springframework.beans.factory.BeanCreationException: Error creating bean with name 'metroRepository': Invocation of init method failed; nested exception is java.lang.IllegalArgumentException: Not a managed type: class com.tdd.spring.Metro
Caused by: java.lang.IllegalArgumentException: Not a managed type: class com.tdd.spring.Metro

